[debug] > Exec(early(addDefaultCommands), None, None)
[debug] > Exec(addDefaultCommands, None, None)
[debug] > Exec(early(initialize), None, None)
[debug] > Exec(initialize, None, None)
[debug] > Exec(boot, None, None)
[debug] > Exec(writeSbtVersion, None, None)
[debug] > Exec(reload, None, None)
[debug] > Exec(sbtStashOnFailure, None, None)
[debug] > Exec(onFailure loadFailed, None, None)
[debug] > Exec(loadp, None, None)
[info] welcome to sbt 1.4.7 (Oracle Corporation Java 15.0.2)
[debug]       Load.loadUnit: plugins took 121.3942ms
[debug]       Load.loadUnit: defsScala took 0.3354ms
[debug] [Loading] Scanning directory C:\Users\koksh\.sbt\1.0\plugins
[debug] [Loading] Found non-root projects 
[debug] [Loading] Done in C:\Users\koksh\.sbt\1.0\plugins, returning: ()
[debug] deducing auto plugins based on known facts Set(Atom(sbt.plugins.CorePlugin)) and clauses Clauses(List(Clause(Atom(sbt.plugins.JvmPlugin),Set(Atom(sbt.plugins.IvyPlugin))), Clause(Atom(sbt.ScriptedPlugin),Set(Atom(sbt.plugins.JvmPlugin))), Clause(Atom(sbt.plugins.SbtPlugin),Set(Atom(sbt.ScriptedPlugin))), Clause(Atom(sbt.plugins.SemanticdbPlugin),Set(Atom(sbt.plugins.JvmPlugin))), Clause(Atom(sbt.plugins.JUnitXmlReportPlugin),Set(Atom(sbt.plugins.JvmPlugin))), Clause(Atom(sbt.plugins.MiniDependencyTreePlugin),Set(Atom(sbt.plugins.JvmPlugin))), Clause(Atom(sbt.plugins.CorePlugin),Set(Atom(sbt.plugins.IvyPlugin))), Clause(Atom(sbt.plugins.IvyPlugin),Set(Atom(sbt.plugins.JvmPlugin))), Clause(Atom(sbt.plugins.JvmPlugin),Set(Atom(sbt.plugins.SemanticdbPlugin))), Clause(Atom(sbt.plugins.JvmPlugin),Set(Atom(sbt.plugins.JUnitXmlReportPlugin))), Clause(Atom(sbt.plugins.CorePlugin),Set(Atom(sbt.plugins.Giter8TemplatePlugin))), Clause(Atom(sbt.plugins.JvmPlugin),Set(Atom(sbt.plugins.MiniDependencyTreePlugin)))))
[debug]   :: deduced result: Matched(sbt.plugins.CorePlugin,sbt.plugins.Giter8TemplatePlugin,sbt.plugins.IvyPlugin,sbt.plugins.JvmPlugin,sbt.plugins.MiniDependencyTreePlugin,sbt.plugins.JUnitXmlReportPlugin,sbt.plugins.SemanticdbPlugin)
[debug] Plugins.deducer#function took 26.4246 ms
[debug]           Load.resolveProject(global-plugins) took 40.6179ms
[debug]         Load.loadTransitive: finalizeProject(Project(id global-plugins, base: C:\Users\koksh\.sbt\1.0\plugins, plugins: List(<none>))) took 91.019ms
[debug] [Loading] Done in C:\Users\koksh\.sbt\1.0\plugins, returning: (global-plugins)
[debug]       Load.loadUnit: loadedProjectsRaw took 108.1529ms
[debug]       Load.loadUnit: cleanEvalClasses took 0.2332ms
[debug]     Load.loadUnit(file:/C:/Users/koksh/.sbt/1.0/plugins/, ...) took 249.8675ms
[debug]   Load.apply: load took 421.0051ms
[debug]   Load.apply: resolveProjects took 6.2933ms
[debug]   Load.apply: finalTransforms took 59.0701ms
[debug]   Load.apply: config.delegates took 8.7664ms
[debug]   Load.apply: Def.make(settings)... took 703.3271ms
[debug]   Load.apply: structureIndex took 106.9723ms
[debug]   Load.apply: mkStreams took 1.6105ms
[info] loading global plugins from C:\Users\koksh\.sbt\1.0\plugins
[debug] Running task... Cancel: Signal, check cycles: false, forcegc: true
[debug] Load.defaultLoad until apply took 2859.7847ms
[debug]           Load.loadUnit: plugins took 22.3604ms
[debug]           Load.loadUnit: defsScala took 0.0052ms
[debug] [Loading] Scanning directory C:\Users\koksh\IdeaProjects\Scala_Homework\project
[debug] [Loading] Found non-root projects 
[debug] [Loading] Done in C:\Users\koksh\IdeaProjects\Scala_Homework\project, returning: ()
[debug] deducing auto plugins based on known facts Set(Atom(sbt.plugins.CorePlugin)) and clauses Clauses(List(Clause(Atom(sbt.plugins.JvmPlugin),Set(Atom(sbt.plugins.IvyPlugin))), Clause(Atom(sbt.ScriptedPlugin),Set(Atom(sbt.plugins.JvmPlugin))), Clause(Atom(sbt.plugins.SbtPlugin),Set(Atom(sbt.ScriptedPlugin))), Clause(Atom(sbt.plugins.SemanticdbPlugin),Set(Atom(sbt.plugins.JvmPlugin))), Clause(Atom(sbt.plugins.JUnitXmlReportPlugin),Set(Atom(sbt.plugins.JvmPlugin))), Clause(Atom(sbt.plugins.MiniDependencyTreePlugin),Set(Atom(sbt.plugins.JvmPlugin))), Clause(Atom(sbt.plugins.CorePlugin),Set(Atom(sbt.plugins.IvyPlugin))), Clause(Atom(sbt.plugins.IvyPlugin),Set(Atom(sbt.plugins.JvmPlugin))), Clause(Atom(sbt.plugins.JvmPlugin),Set(Atom(sbt.plugins.SemanticdbPlugin))), Clause(Atom(sbt.plugins.JvmPlugin),Set(Atom(sbt.plugins.JUnitXmlReportPlugin))), Clause(Atom(sbt.plugins.CorePlugin),Set(Atom(sbt.plugins.Giter8TemplatePlugin))), Clause(Atom(sbt.plugins.JvmPlugin),Set(Atom(sbt.plugins.MiniDependencyTreePlugin)))))
[debug]   :: deduced result: Matched(sbt.plugins.CorePlugin,sbt.plugins.Giter8TemplatePlugin,sbt.plugins.IvyPlugin,sbt.plugins.JvmPlugin,sbt.plugins.MiniDependencyTreePlugin,sbt.plugins.JUnitXmlReportPlugin,sbt.plugins.SemanticdbPlugin)
[debug] Plugins.deducer#function took 2.5717 ms
[debug]               Load.resolveProject(scala_homework-build) took 1.291ms
[debug]             Load.loadTransitive: finalizeProject(Project(id scala_homework-build, base: C:\Users\koksh\IdeaProjects\Scala_Homework\project, plugins: List(<none>))) took 6.2483ms
[debug] [Loading] Done in C:\Users\koksh\IdeaProjects\Scala_Homework\project, returning: (scala_homework-build)
[debug]           Load.loadUnit: loadedProjectsRaw took 8.4676ms
[debug]           Load.loadUnit: cleanEvalClasses took 0.0157ms
[debug]         Load.loadUnit(file:/C:/Users/koksh/IdeaProjects/Scala_Homework/project/, ...) took 31.6009ms
[debug]       Load.apply: load took 33.4053ms
[debug]       Load.apply: resolveProjects took 0.0869ms
[debug]       Load.apply: finalTransforms took 12.5323ms
[debug]       Load.apply: config.delegates took 0.4482ms
[debug]       Load.apply: Def.make(settings)... took 92.8159ms
[debug]       Load.apply: structureIndex took 40.0507ms
[debug]       Load.apply: mkStreams took 0.0021ms
[info] loading project definition from C:\Users\koksh\IdeaProjects\Scala_Homework\project
[debug] Running task... Cancel: Signal, check cycles: false, forcegc: true
[debug]     Load.loadUnit: plugins took 1119.6158ms
[debug]     Load.loadUnit: defsScala took 0.004ms
[debug] [Loading] Scanning directory C:\Users\koksh\IdeaProjects\Scala_Homework
[debug]       Load.loadUnit: mkEval took 6.7811ms
[debug] [Loading] Found non-root projects 
[debug] [Loading] Done in C:\Users\koksh\IdeaProjects\Scala_Homework, returning: ()
[debug] deducing auto plugins based on known facts Set(Atom(sbt.plugins.CorePlugin)) and clauses Clauses(List(Clause(Atom(sbt.plugins.JvmPlugin),Set(Atom(sbt.plugins.IvyPlugin))), Clause(Atom(sbt.ScriptedPlugin),Set(Atom(sbt.plugins.JvmPlugin))), Clause(Atom(sbt.plugins.SbtPlugin),Set(Atom(sbt.ScriptedPlugin))), Clause(Atom(sbt.plugins.SemanticdbPlugin),Set(Atom(sbt.plugins.JvmPlugin))), Clause(Atom(sbt.plugins.JUnitXmlReportPlugin),Set(Atom(sbt.plugins.JvmPlugin))), Clause(Atom(sbt.plugins.MiniDependencyTreePlugin),Set(Atom(sbt.plugins.JvmPlugin))), Clause(Atom(sbt.plugins.CorePlugin),Set(Atom(sbt.plugins.IvyPlugin))), Clause(Atom(sbt.plugins.IvyPlugin),Set(Atom(sbt.plugins.JvmPlugin))), Clause(Atom(sbt.plugins.JvmPlugin),Set(Atom(sbt.plugins.SemanticdbPlugin))), Clause(Atom(sbt.plugins.JvmPlugin),Set(Atom(sbt.plugins.JUnitXmlReportPlugin))), Clause(Atom(sbt.plugins.CorePlugin),Set(Atom(sbt.plugins.Giter8TemplatePlugin))), Clause(Atom(sbt.plugins.JvmPlugin),Set(Atom(sbt.plugins.MiniDependencyTreePlugin)))))
[debug]   :: deduced result: Matched(sbt.plugins.CorePlugin,sbt.plugins.Giter8TemplatePlugin,sbt.plugins.IvyPlugin,sbt.plugins.JvmPlugin,sbt.plugins.MiniDependencyTreePlugin,sbt.plugins.JUnitXmlReportPlugin,sbt.plugins.SemanticdbPlugin)
[debug] Plugins.deducer#function took 1.3961 ms
[info] loading settings for project scala_homework from build.sbt ...
[debug]         Load.resolveProject(scala_homework) took 2.8082ms
[debug]       Load.loadTransitive: finalizeProject(Project(id scala_homework, base: C:\Users\koksh\IdeaProjects\Scala_Homework, plugins: List(<none>))) took 5.177ms
[debug] [Loading] Done in C:\Users\koksh\IdeaProjects\Scala_Homework, returning: (scala_homework)
[debug]     Load.loadUnit: loadedProjectsRaw took 2402.7149ms
[debug]     Load.loadUnit: cleanEvalClasses took 10.8934ms
[debug]   Load.loadUnit(file:/C:/Users/koksh/IdeaProjects/Scala_Homework/, ...) took 3534.1881ms
[debug] Load.apply: load took 3535.7848ms
[debug] Load.apply: resolveProjects took 0.1471ms
[debug] Load.apply: finalTransforms took 7.5795ms
[debug] Load.apply: config.delegates took 0.3465ms
[debug] Load.apply: Def.make(settings)... took 53.7332ms
[debug] Load.apply: structureIndex took 24.6876ms
[debug] Load.apply: mkStreams took 0.0036ms
[info] set current project to Scala_Homework (in build file:/C:/Users/koksh/IdeaProjects/Scala_Homework/)
[debug] > Exec(sbtPopOnFailure, None, None)
[debug] > Exec(resumeFromFailure, None, None)
[debug] > Exec(notifyUsersAboutShell, None, None)
[debug] > Exec(iflast shell, None, None)
[debug] > Exec(shell, None, None)
[info] sbt server started at local:sbt-server-f48eaa9ee527a1be923d
[info] started sbt server
