[debug] > Exec(early(addDefaultCommands), None, None)
[debug] > Exec(addDefaultCommands, None, None)
[debug] > Exec(early(initialize), None, None)
[debug] > Exec(initialize, None, None)
[debug] > Exec(boot, None, None)
[debug] > Exec(writeSbtVersion, None, None)
[debug] > Exec(reload, None, None)
[debug] > Exec(sbtStashOnFailure, None, None)
[debug] > Exec(onFailure loadFailed, None, None)
[debug] > Exec(loadp, None, None)
[info] welcome to sbt 1.4.7 (JetBrains s.r.o Java 11.0.5)
[debug]       Load.loadUnit: plugins took 549.0654ms
[debug]       Load.loadUnit: defsScala took 1.3438ms
[debug] [Loading] Scanning directory C:\Users\anisa\.sbt\1.0\plugins
[debug] [Loading] Found non-root projects 
[debug] [Loading] Done in C:\Users\anisa\.sbt\1.0\plugins, returning: ()
[debug] deducing auto plugins based on known facts Set(Atom(sbt.plugins.CorePlugin)) and clauses Clauses(List(Clause(Atom(sbt.plugins.JvmPlugin),Set(Atom(sbt.plugins.IvyPlugin))), Clause(Atom(sbt.ScriptedPlugin),Set(Atom(sbt.plugins.JvmPlugin))), Clause(Atom(sbt.plugins.SbtPlugin),Set(Atom(sbt.ScriptedPlugin))), Clause(Atom(sbt.plugins.SemanticdbPlugin),Set(Atom(sbt.plugins.JvmPlugin))), Clause(Atom(sbt.plugins.JUnitXmlReportPlugin),Set(Atom(sbt.plugins.JvmPlugin))), Clause(Atom(sbt.plugins.MiniDependencyTreePlugin),Set(Atom(sbt.plugins.JvmPlugin))), Clause(Atom(sbt.plugins.CorePlugin),Set(Atom(sbt.plugins.IvyPlugin))), Clause(Atom(sbt.plugins.IvyPlugin),Set(Atom(sbt.plugins.JvmPlugin))), Clause(Atom(sbt.plugins.JvmPlugin),Set(Atom(sbt.plugins.SemanticdbPlugin))), Clause(Atom(sbt.plugins.JvmPlugin),Set(Atom(sbt.plugins.JUnitXmlReportPlugin))), Clause(Atom(sbt.plugins.CorePlugin),Set(Atom(sbt.plugins.Giter8TemplatePlugin))), Clause(Atom(sbt.plugins.JvmPlugin),Set(Atom(sbt.plugins.MiniDependencyTreePlugin)))))
[debug]   :: deduced result: Matched(sbt.plugins.CorePlugin,sbt.plugins.Giter8TemplatePlugin,sbt.plugins.IvyPlugin,sbt.plugins.JvmPlugin,sbt.plugins.MiniDependencyTreePlugin,sbt.plugins.JUnitXmlReportPlugin,sbt.plugins.SemanticdbPlugin)
[debug] Plugins.deducer#function took 147.1649 ms
[debug]           Load.resolveProject(global-plugins) took 255.8088ms
[debug]         Load.loadTransitive: finalizeProject(Project(id global-plugins, base: C:\Users\anisa\.sbt\1.0\plugins, plugins: List(<none>))) took 532.8389ms
[debug] [Loading] Done in C:\Users\anisa\.sbt\1.0\plugins, returning: (global-plugins)
[debug]       Load.loadUnit: loadedProjectsRaw took 711.1096ms
[debug]       Load.loadUnit: cleanEvalClasses took 1.3269ms
[debug]     Load.loadUnit(file:/C:/Users/anisa/.sbt/1.0/plugins/, ...) took 1344.4093ms
[debug]   Load.apply: load took 2749.9842ms
[debug]   Load.apply: resolveProjects took 32.9943ms
[debug]   Load.apply: finalTransforms took 477.5912ms
[debug]   Load.apply: config.delegates took 46.2213ms
[debug]   Load.apply: Def.make(settings)... took 6079.5084ms
[debug]   Load.apply: structureIndex took 953.6041ms
[debug]   Load.apply: mkStreams took 7.6357ms
[info] loading global plugins from C:\Users\anisa\.sbt\1.0\plugins
[debug] Running task... Cancel: Signal, check cycles: false, forcegc: true
[debug] Load.defaultLoad until apply took 74361.869ms
[debug]           Load.loadUnit: plugins took 179.9538ms
[debug]           Load.loadUnit: defsScala took 0.0161ms
[debug] [Loading] Scanning directory C:\Users\anisa\IdeaProjects\homework\project
[debug] [Loading] Found non-root projects 
[debug] [Loading] Done in C:\Users\anisa\IdeaProjects\homework\project, returning: ()
[debug] deducing auto plugins based on known facts Set(Atom(sbt.plugins.CorePlugin)) and clauses Clauses(List(Clause(Atom(sbt.plugins.JvmPlugin),Set(Atom(sbt.plugins.IvyPlugin))), Clause(Atom(sbt.ScriptedPlugin),Set(Atom(sbt.plugins.JvmPlugin))), Clause(Atom(sbt.plugins.SbtPlugin),Set(Atom(sbt.ScriptedPlugin))), Clause(Atom(sbt.plugins.SemanticdbPlugin),Set(Atom(sbt.plugins.JvmPlugin))), Clause(Atom(sbt.plugins.JUnitXmlReportPlugin),Set(Atom(sbt.plugins.JvmPlugin))), Clause(Atom(sbt.plugins.MiniDependencyTreePlugin),Set(Atom(sbt.plugins.JvmPlugin))), Clause(Atom(sbt.plugins.CorePlugin),Set(Atom(sbt.plugins.IvyPlugin))), Clause(Atom(sbt.plugins.IvyPlugin),Set(Atom(sbt.plugins.JvmPlugin))), Clause(Atom(sbt.plugins.JvmPlugin),Set(Atom(sbt.plugins.SemanticdbPlugin))), Clause(Atom(sbt.plugins.JvmPlugin),Set(Atom(sbt.plugins.JUnitXmlReportPlugin))), Clause(Atom(sbt.plugins.CorePlugin),Set(Atom(sbt.plugins.Giter8TemplatePlugin))), Clause(Atom(sbt.plugins.JvmPlugin),Set(Atom(sbt.plugins.MiniDependencyTreePlugin)))))
[debug]   :: deduced result: Matched(sbt.plugins.CorePlugin,sbt.plugins.Giter8TemplatePlugin,sbt.plugins.IvyPlugin,sbt.plugins.JvmPlugin,sbt.plugins.MiniDependencyTreePlugin,sbt.plugins.JUnitXmlReportPlugin,sbt.plugins.SemanticdbPlugin)
[debug] Plugins.deducer#function took 16.736 ms
[debug]               Load.resolveProject(homework-build) took 6.7199ms
[debug]             Load.loadTransitive: finalizeProject(Project(id homework-build, base: C:\Users\anisa\IdeaProjects\homework\project, plugins: List(<none>))) took 26.7526ms
[debug] [Loading] Done in C:\Users\anisa\IdeaProjects\homework\project, returning: (homework-build)
[debug]           Load.loadUnit: loadedProjectsRaw took 32.6909ms
[debug]           Load.loadUnit: cleanEvalClasses took 0.0405ms
[debug]         Load.loadUnit(file:/C:/Users/anisa/IdeaProjects/homework/project/, ...) took 217.1895ms
[debug]       Load.apply: load took 224.0849ms
[debug]       Load.apply: resolveProjects took 0.3486ms
[debug]       Load.apply: finalTransforms took 50.7831ms
[debug]       Load.apply: config.delegates took 1.5538ms
[debug]       Load.apply: Def.make(settings)... took 590.37ms
[debug]       Load.apply: structureIndex took 155.6331ms
[debug]       Load.apply: mkStreams took 0.0079ms
[info] loading project definition from C:\Users\anisa\IdeaProjects\homework\project
[debug] Running task... Cancel: Signal, check cycles: false, forcegc: true
[debug]     Load.loadUnit: plugins took 4177.5773ms
[debug]     Load.loadUnit: defsScala took 0.0179ms
[debug] [Loading] Scanning directory C:\Users\anisa\IdeaProjects\homework
[debug]       Load.loadUnit: mkEval took 31.8417ms
[debug] [Loading] Found non-root projects 
[debug] [Loading] Done in C:\Users\anisa\IdeaProjects\homework, returning: ()
[debug] deducing auto plugins based on known facts Set(Atom(sbt.plugins.CorePlugin)) and clauses Clauses(List(Clause(Atom(sbt.plugins.JvmPlugin),Set(Atom(sbt.plugins.IvyPlugin))), Clause(Atom(sbt.ScriptedPlugin),Set(Atom(sbt.plugins.JvmPlugin))), Clause(Atom(sbt.plugins.SbtPlugin),Set(Atom(sbt.ScriptedPlugin))), Clause(Atom(sbt.plugins.SemanticdbPlugin),Set(Atom(sbt.plugins.JvmPlugin))), Clause(Atom(sbt.plugins.JUnitXmlReportPlugin),Set(Atom(sbt.plugins.JvmPlugin))), Clause(Atom(sbt.plugins.MiniDependencyTreePlugin),Set(Atom(sbt.plugins.JvmPlugin))), Clause(Atom(sbt.plugins.CorePlugin),Set(Atom(sbt.plugins.IvyPlugin))), Clause(Atom(sbt.plugins.IvyPlugin),Set(Atom(sbt.plugins.JvmPlugin))), Clause(Atom(sbt.plugins.JvmPlugin),Set(Atom(sbt.plugins.SemanticdbPlugin))), Clause(Atom(sbt.plugins.JvmPlugin),Set(Atom(sbt.plugins.JUnitXmlReportPlugin))), Clause(Atom(sbt.plugins.CorePlugin),Set(Atom(sbt.plugins.Giter8TemplatePlugin))), Clause(Atom(sbt.plugins.JvmPlugin),Set(Atom(sbt.plugins.MiniDependencyTreePlugin)))))
[debug]   :: deduced result: Matched(sbt.plugins.CorePlugin,sbt.plugins.Giter8TemplatePlugin,sbt.plugins.IvyPlugin,sbt.plugins.JvmPlugin,sbt.plugins.MiniDependencyTreePlugin,sbt.plugins.JUnitXmlReportPlugin,sbt.plugins.SemanticdbPlugin)
[debug] Plugins.deducer#function took 11.0498 ms
[info] loading settings for project homework from build.sbt ...
[debug]         Load.resolveProject(homework) took 52.5869ms
[debug]       Load.loadTransitive: finalizeProject(Project(id homework, base: C:\Users\anisa\IdeaProjects\homework, plugins: List(<none>))) took 66.3175ms
[debug] [Loading] Done in C:\Users\anisa\IdeaProjects\homework, returning: (homework)
[debug]     Load.loadUnit: loadedProjectsRaw took 15017.0075ms
[debug]     Load.loadUnit: cleanEvalClasses took 95.3869ms
[debug]   Load.loadUnit(file:/C:/Users/anisa/IdeaProjects/homework/, ...) took 19293.6782ms
[debug] Load.apply: load took 19305.2324ms
[debug] Load.apply: resolveProjects took 0.4402ms
[debug] Load.apply: finalTransforms took 43.2679ms
[debug] Load.apply: config.delegates took 2.2202ms
[debug] Load.apply: Def.make(settings)... took 606.4505ms
[debug] Load.apply: structureIndex took 115.2007ms
[debug] Load.apply: mkStreams took 0.0081ms
[info] set current project to homework (in build file:/C:/Users/anisa/IdeaProjects/homework/)
[debug] > Exec(sbtPopOnFailure, None, None)
[debug] > Exec(resumeFromFailure, None, None)
[debug] > Exec(notifyUsersAboutShell, None, None)
[debug] > Exec(iflast shell, None, None)
[debug] > Exec(~run, None, None)
[info] sbt server started at local:sbt-server-066e70236e047577183b
[info] started sbt server
[debug] > Exec(__runWatch console0, None, None)
[debug] > Exec(sbtStashOnFailure, None, None)
[debug] > Exec(__preWatch console0, None, None)
[debug] > Exec(run, None, None)
[debug] Evaluating tasks: Compile / run
[debug] Running task... Cancel: Signal, check cycles: false, forcegc: true
[info] compiling 1 Scala source to C:\Users\anisa\IdeaProjects\homework\target\scala-2.13\classes ...
[info] Non-compiled module 'compiler-bridge_2.13' for Scala 2.13.5. Compiling...
[info]   Compilation completed in 69.56s.
[info] done compiling
[success] Total time: 86 s (01:26), completed 4 мар. 2021 г., 15:05:13
[debug] > Exec(resumeFromFailure, None, None)
[debug] > Exec(sbtPopOnFailure, None, None)
[debug] > Exec(__postWatch console0, None, None)
[debug] > Exec(__waitWatch console0, None, None)
