[debug] > Exec(early(addDefaultCommands), None, None)
[debug] > Exec(addDefaultCommands, None, None)
[debug] > Exec(early(initialize), None, None)
[debug] > Exec(initialize, None, None)
[debug] > Exec(boot, None, None)
[debug] > Exec(writeSbtVersion, None, None)
[debug] > Exec(reload, None, None)
[debug] > Exec(sbtStashOnFailure, None, None)
[debug] > Exec(onFailure loadFailed, None, None)
[debug] > Exec(loadp, None, None)
[info] welcome to sbt 1.4.7 (Oracle Corporation Java 15.0.2)
[debug]       Load.loadUnit: plugins took 95.395344ms
[debug]       Load.loadUnit: defsScala took 0.618248ms
[debug] [Loading] Scanning directory /home/ird-pc/.sbt/1.0/plugins
[debug] [Loading] Found non-root projects 
[debug] [Loading] Done in /home/ird-pc/.sbt/1.0/plugins, returning: ()
[debug] deducing auto plugins based on known facts Set(Atom(sbt.plugins.CorePlugin)) and clauses Clauses(List(Clause(Atom(sbt.plugins.JvmPlugin),Set(Atom(sbt.plugins.IvyPlugin))), Clause(Atom(sbt.ScriptedPlugin),Set(Atom(sbt.plugins.JvmPlugin))), Clause(Atom(sbt.plugins.SbtPlugin),Set(Atom(sbt.ScriptedPlugin))), Clause(Atom(sbt.plugins.SemanticdbPlugin),Set(Atom(sbt.plugins.JvmPlugin))), Clause(Atom(sbt.plugins.JUnitXmlReportPlugin),Set(Atom(sbt.plugins.JvmPlugin))), Clause(Atom(sbt.plugins.MiniDependencyTreePlugin),Set(Atom(sbt.plugins.JvmPlugin))), Clause(Atom(sbt.plugins.CorePlugin),Set(Atom(sbt.plugins.IvyPlugin))), Clause(Atom(sbt.plugins.IvyPlugin),Set(Atom(sbt.plugins.JvmPlugin))), Clause(Atom(sbt.plugins.JvmPlugin),Set(Atom(sbt.plugins.SemanticdbPlugin))), Clause(Atom(sbt.plugins.JvmPlugin),Set(Atom(sbt.plugins.JUnitXmlReportPlugin))), Clause(Atom(sbt.plugins.CorePlugin),Set(Atom(sbt.plugins.Giter8TemplatePlugin))), Clause(Atom(sbt.plugins.JvmPlugin),Set(Atom(sbt.plugins.MiniDependencyTreePlugin)))))
[debug]   :: deduced result: Matched(sbt.plugins.CorePlugin,sbt.plugins.Giter8TemplatePlugin,sbt.plugins.IvyPlugin,sbt.plugins.JvmPlugin,sbt.plugins.MiniDependencyTreePlugin,sbt.plugins.JUnitXmlReportPlugin,sbt.plugins.SemanticdbPlugin)
[debug] Plugins.deducer#function took 27.18625 ms
[debug]           Load.resolveProject(global-plugins) took 53.62004ms
[debug]         Load.loadTransitive: finalizeProject(Project(id global-plugins, base: /home/ird-pc/.sbt/1.0/plugins, plugins: List(<none>))) took 107.099216ms
[debug] [Loading] Done in /home/ird-pc/.sbt/1.0/plugins, returning: (global-plugins)
[debug]       Load.loadUnit: loadedProjectsRaw took 139.419808ms
[debug]       Load.loadUnit: cleanEvalClasses took 0.269664ms
[debug]     Load.loadUnit(file:/home/ird-pc/.sbt/1.0/plugins/, ...) took 248.049414ms
[debug]   Load.apply: load took 417.895932ms
[debug]   Load.apply: resolveProjects took 9.181741ms
[debug]   Load.apply: finalTransforms took 81.817711ms
[debug]   Load.apply: config.delegates took 9.040687ms
[debug]   Load.apply: Def.make(settings)... took 513.395897ms
[debug]   Load.apply: structureIndex took 162.328299ms
[debug]   Load.apply: mkStreams took 2.223277ms
[info] loading global plugins from /home/ird-pc/.sbt/1.0/plugins
[debug] Running task... Cancel: Signal, check cycles: false, forcegc: true
[debug] Load.defaultLoad until apply took 2930.012464ms
[debug]           Load.loadUnit: plugins took 14.281022ms
[debug]           Load.loadUnit: defsScala took 0.005361ms
[debug] [Loading] Scanning directory /home/ird-pc/IdeaProjects/SbtExample/project
[debug] [Loading] Found non-root projects 
[debug] [Loading] Done in /home/ird-pc/IdeaProjects/SbtExample/project, returning: ()
[debug] deducing auto plugins based on known facts Set(Atom(sbt.plugins.CorePlugin)) and clauses Clauses(List(Clause(Atom(sbt.plugins.JvmPlugin),Set(Atom(sbt.plugins.IvyPlugin))), Clause(Atom(sbt.ScriptedPlugin),Set(Atom(sbt.plugins.JvmPlugin))), Clause(Atom(sbt.plugins.SbtPlugin),Set(Atom(sbt.ScriptedPlugin))), Clause(Atom(sbt.plugins.SemanticdbPlugin),Set(Atom(sbt.plugins.JvmPlugin))), Clause(Atom(sbt.plugins.JUnitXmlReportPlugin),Set(Atom(sbt.plugins.JvmPlugin))), Clause(Atom(sbt.plugins.MiniDependencyTreePlugin),Set(Atom(sbt.plugins.JvmPlugin))), Clause(Atom(sbt.plugins.CorePlugin),Set(Atom(sbt.plugins.IvyPlugin))), Clause(Atom(sbt.plugins.IvyPlugin),Set(Atom(sbt.plugins.JvmPlugin))), Clause(Atom(sbt.plugins.JvmPlugin),Set(Atom(sbt.plugins.SemanticdbPlugin))), Clause(Atom(sbt.plugins.JvmPlugin),Set(Atom(sbt.plugins.JUnitXmlReportPlugin))), Clause(Atom(sbt.plugins.CorePlugin),Set(Atom(sbt.plugins.Giter8TemplatePlugin))), Clause(Atom(sbt.plugins.JvmPlugin),Set(Atom(sbt.plugins.MiniDependencyTreePlugin)))))
[debug]   :: deduced result: Matched(sbt.plugins.CorePlugin,sbt.plugins.Giter8TemplatePlugin,sbt.plugins.IvyPlugin,sbt.plugins.JvmPlugin,sbt.plugins.MiniDependencyTreePlugin,sbt.plugins.JUnitXmlReportPlugin,sbt.plugins.SemanticdbPlugin)
[debug] Plugins.deducer#function took 2.489494 ms
[debug]               Load.resolveProject(sbtexample-build) took 1.322679ms
[debug]             Load.loadTransitive: finalizeProject(Project(id sbtexample-build, base: /home/ird-pc/IdeaProjects/SbtExample/project, plugins: List(<none>))) took 4.567448ms
[debug] [Loading] Done in /home/ird-pc/IdeaProjects/SbtExample/project, returning: (sbtexample-build)
[debug]           Load.loadUnit: loadedProjectsRaw took 6.62966ms
[debug]           Load.loadUnit: cleanEvalClasses took 0.02972ms
[debug]         Load.loadUnit(file:/home/ird-pc/IdeaProjects/SbtExample/project/, ...) took 21.611417ms
[debug]       Load.apply: load took 23.297229ms
[debug]       Load.apply: resolveProjects took 0.13903ms
[debug]       Load.apply: finalTransforms took 13.592993ms
[debug]       Load.apply: config.delegates took 0.47068ms
[debug]       Load.apply: Def.make(settings)... took 181.338111ms
[debug]       Load.apply: structureIndex took 45.276418ms
[debug]       Load.apply: mkStreams took 0.003427ms
[info] loading project definition from /home/ird-pc/IdeaProjects/SbtExample/project
[debug] Running task... Cancel: Signal, check cycles: false, forcegc: true
[debug]     Load.loadUnit: plugins took 1218.315251ms
[debug]     Load.loadUnit: defsScala took 0.004489ms
[debug] [Loading] Scanning directory /home/ird-pc/IdeaProjects/SbtExample
[debug]       Load.loadUnit: mkEval took 5.281689ms
[debug] [Loading] Found non-root projects 
[debug] [Loading] Done in /home/ird-pc/IdeaProjects/SbtExample, returning: ()
[debug] deducing auto plugins based on known facts Set(Atom(sbt.plugins.CorePlugin)) and clauses Clauses(List(Clause(Atom(sbt.plugins.JvmPlugin),Set(Atom(sbt.plugins.IvyPlugin))), Clause(Atom(sbt.ScriptedPlugin),Set(Atom(sbt.plugins.JvmPlugin))), Clause(Atom(sbt.plugins.SbtPlugin),Set(Atom(sbt.ScriptedPlugin))), Clause(Atom(sbt.plugins.SemanticdbPlugin),Set(Atom(sbt.plugins.JvmPlugin))), Clause(Atom(sbt.plugins.JUnitXmlReportPlugin),Set(Atom(sbt.plugins.JvmPlugin))), Clause(Atom(sbt.plugins.MiniDependencyTreePlugin),Set(Atom(sbt.plugins.JvmPlugin))), Clause(Atom(sbt.plugins.CorePlugin),Set(Atom(sbt.plugins.IvyPlugin))), Clause(Atom(sbt.plugins.IvyPlugin),Set(Atom(sbt.plugins.JvmPlugin))), Clause(Atom(sbt.plugins.JvmPlugin),Set(Atom(sbt.plugins.SemanticdbPlugin))), Clause(Atom(sbt.plugins.JvmPlugin),Set(Atom(sbt.plugins.JUnitXmlReportPlugin))), Clause(Atom(sbt.plugins.CorePlugin),Set(Atom(sbt.plugins.Giter8TemplatePlugin))), Clause(Atom(sbt.plugins.JvmPlugin),Set(Atom(sbt.plugins.MiniDependencyTreePlugin)))))
[debug]   :: deduced result: Matched(sbt.plugins.CorePlugin,sbt.plugins.Giter8TemplatePlugin,sbt.plugins.IvyPlugin,sbt.plugins.JvmPlugin,sbt.plugins.MiniDependencyTreePlugin,sbt.plugins.JUnitXmlReportPlugin,sbt.plugins.SemanticdbPlugin)
[debug] Plugins.deducer#function took 2.534496 ms
[info] loading settings for project sbtexample from build.sbt ...
[debug]         Load.resolveProject(sbtexample) took 3.293597ms
[debug]       Load.loadTransitive: finalizeProject(Project(id sbtexample, base: /home/ird-pc/IdeaProjects/SbtExample, plugins: List(<none>))) took 6.675963ms
[debug] [Loading] Done in /home/ird-pc/IdeaProjects/SbtExample, returning: (sbtexample)
[debug]     Load.loadUnit: loadedProjectsRaw took 2214.785426ms
[debug]     Load.loadUnit: cleanEvalClasses took 6.180303ms
[debug]   Load.loadUnit(file:/home/ird-pc/IdeaProjects/SbtExample/, ...) took 3440.280026ms
[debug] Load.apply: load took 3442.014267ms
[debug] Load.apply: resolveProjects took 0.175274ms
[debug] Load.apply: finalTransforms took 10.464318ms
[debug] Load.apply: config.delegates took 0.462032ms
[debug] Load.apply: Def.make(settings)... took 120.309941ms
[debug] Load.apply: structureIndex took 33.707545ms
[debug] Load.apply: mkStreams took 0.003608ms
[info] set current project to SbtExample (in build file:/home/ird-pc/IdeaProjects/SbtExample/)
[debug] > Exec(sbtPopOnFailure, None, None)
[debug] > Exec(resumeFromFailure, None, None)
[debug] > Exec(notifyUsersAboutShell, None, None)
[debug] > Exec(iflast shell, None, None)
[debug] > Exec(~run, None, None)
[warn] sbt server could not start because there's another instance of sbt running on this build.
[warn] Running multiple instances is unsupported
[debug] > Exec(__runWatch console0, None, None)
[debug] > Exec(sbtStashOnFailure, None, None)
[debug] > Exec(__preWatch console0, None, None)
[debug] > Exec(run, None, None)
[debug] Evaluating tasks: Compile / run
[debug] Running task... Cancel: Signal, check cycles: false, forcegc: true
[success] Total time: 1 s, completed Mar 1, 2021, 12:32:22 AM
[debug] > Exec(resumeFromFailure, None, None)
[debug] > Exec(sbtPopOnFailure, None, None)
[debug] > Exec(__postWatch console0, None, None)
[debug] > Exec(__waitWatch console0, None, None)
